<?xml version="1.0" encoding="UTF-8"?>
<testsuite xmlns:xsi="http://www.w3.org/2001/XMLSchema-instance" xsi:noNamespaceSchemaLocation="https://maven.apache.org/surefire/maven-surefire-plugin/xsd/surefire-test-report-3.0.xsd" version="3.0" name="secureshift.service.GuardServiceTest" time="0.416" tests="12" errors="0" skipped="0" failures="0">
  <properties>
[...]
</properties>
  <testcase name="testDeleteGuardNotFound" classname="secureshift.service.GuardServiceTest" time="0.394">
    <system-err><![CDATA[WARNING: A Java agent has been loaded dynamically (/Users/ygjamegavie/.m2/repository/net/bytebuddy/byte-buddy-agent/1.14.11/byte-buddy-agent-1.14.11.jar)
WARNING: If a serviceability tool is in use, please run with -XX:+EnableDynamicAgentLoading to hide this warning
WARNING: If a serviceability tool is not in use, please run with -Djdk.instrument.traceUsage for more information
WARNING: Dynamic loading of agents will be disallowed by default in a future release
]]></system-err>
  </testcase>
  <testcase name="testGetAvailableGuards" classname="secureshift.service.GuardServiceTest" time="0.001"/>
  <testcase name="testDeleteGuard" classname="secureshift.service.GuardServiceTest" time="0.003">
    <system-out><![CDATA[✅ Guard deleted: G001
]]></system-out>
  </testcase>
  <testcase name="testGetGuardByIdNotFound" classname="secureshift.service.GuardServiceTest" time="0.001"/>
  <testcase name="testAddGuardSuccess" classname="secureshift.service.GuardServiceTest" time="0.001">
    <system-out><![CDATA[✅ Guard added: Alice
]]></system-out>
  </testcase>
  <testcase name="testGetGuardByIdBlank" classname="secureshift.service.GuardServiceTest" time="0.0"/>
  <testcase name="testGetGuardByIdFound" classname="secureshift.service.GuardServiceTest" time="0.0"/>
  <testcase name="testGetAllGuards" classname="secureshift.service.GuardServiceTest" time="0.0"/>
  <testcase name="testGetTotalGuardCount" classname="secureshift.service.GuardServiceTest" time="0.0"/>
  <testcase name="testAddGuardNull" classname="secureshift.service.GuardServiceTest" time="0.0"/>
  <testcase name="testGetGuardsBySkill" classname="secureshift.service.GuardServiceTest" time="0.001"/>
  <testcase name="testAddGuardDuplicate" classname="secureshift.service.GuardServiceTest" time="0.001"/>
</testsuite>